[ 2017-12-21T21:57:59+08:00 ][ info ] [ BEHAVIOR ] Run Closure @app_init [ RunTime:0.000367s ]
[ info ] [ LOG ] INIT File
[ 2017-12-21T21:57:59+08:00 ][ info ] [ CACHE ] INIT File
[ 2017-12-21T21:57:59+08:00 ][ info ] [ BEHAVIOR ] Run Closure @app_init [ RunTime:0.142427s ]
[ 2017-12-21T21:58:00+08:00 ][ info ] [ DB ] INIT mysql
[ 2017-12-21T21:58:01+08:00 ][ sql ] [ DB ] CONNECT:[ UseTime:1.189104s ] mysql:host=localhost;dbname=fastadmin;charset=utf8
[ 2017-12-21T21:58:01+08:00 ][ sql ] [ SQL ] SHOW TABLE STATUS LIKE 'test' [ RunTime:0.009713s ]
[ 2017-12-21T21:58:01+08:00 ][ sql ] [ SQL ] SHOW TABLE STATUS LIKE 'fa_test' [ RunTime:0.015241s ]
[ 2017-12-21T21:58:01+08:00 ][ sql ] [ SQL ] SELECT * FROM `information_schema`.`columns` WHERE TABLE_SCHEMA = 'fastadmin' AND table_name = 'fa_test' ORDER BY ORDINAL_POSITION [ RunTime:0.062806s ]
[ 2017-12-21T22:00:58+08:00 ][ info ] [ BEHAVIOR ] Run Closure @app_init [ RunTime:0.000295s ]
[ info ] [ LOG ] INIT File
[ 2017-12-21T22:00:58+08:00 ][ info ] [ CACHE ] INIT File
[ 2017-12-21T22:00:58+08:00 ][ info ] [ BEHAVIOR ] Run Closure @app_init [ RunTime:0.100233s ]
[ 2017-12-21T22:00:58+08:00 ][ info ] [ DB ] INIT mysql
[ 2017-12-21T22:00:59+08:00 ][ sql ] [ DB ] CONNECT:[ UseTime:1.026844s ] mysql:host=localhost;dbname=fastadmin;charset=utf8
[ 2017-12-21T22:00:59+08:00 ][ sql ] [ SQL ] SHOW TABLE STATUS LIKE 'test' [ RunTime:0.001591s ]
[ 2017-12-21T22:00:59+08:00 ][ sql ] [ SQL ] SHOW TABLE STATUS LIKE 'fa_test' [ RunTime:0.001231s ]
[ 2017-12-21T22:03:13+08:00 ][ info ] [ BEHAVIOR ] Run Closure @app_init [ RunTime:0.000281s ]
[ info ] [ LOG ] INIT File
[ 2017-12-21T22:03:13+08:00 ][ info ] [ CACHE ] INIT File
[ 2017-12-21T22:03:13+08:00 ][ info ] [ BEHAVIOR ] Run Closure @app_init [ RunTime:0.011268s ]
[ 2017-12-21T22:03:13+08:00 ][ info ] [ DB ] INIT mysql
[ 2017-12-21T22:03:14+08:00 ][ sql ] [ DB ] CONNECT:[ UseTime:1.008366s ] mysql:host=localhost;dbname=fastadmin;charset=utf8
[ 2017-12-21T22:03:14+08:00 ][ sql ] [ SQL ] SHOW TABLE STATUS LIKE 'test' [ RunTime:0.001637s ]
[ 2017-12-21T22:03:14+08:00 ][ sql ] [ SQL ] SHOW TABLE STATUS LIKE 'fa_test' [ RunTime:0.001442s ]
[ 2017-12-21T22:04:11+08:00 ][ info ] [ BEHAVIOR ] Run Closure @app_init [ RunTime:0.000389s ]
[ info ] [ LOG ] INIT File
[ 2017-12-21T22:04:11+08:00 ][ info ] [ CACHE ] INIT File
[ 2017-12-21T22:04:12+08:00 ][ info ] [ BEHAVIOR ] Run Closure @app_init [ RunTime:0.013624s ]
[ 2017-12-21T22:04:12+08:00 ][ info ] [ DB ] INIT mysql
[ 2017-12-21T22:04:13+08:00 ][ sql ] [ DB ] CONNECT:[ UseTime:1.033686s ] mysql:host=localhost;dbname=fastadmin;charset=utf8
[ 2017-12-21T22:04:13+08:00 ][ sql ] [ SQL ] SHOW TABLE STATUS LIKE 'test' [ RunTime:0.001298s ]
[ 2017-12-21T22:04:13+08:00 ][ sql ] [ SQL ] SHOW TABLE STATUS LIKE 'fa_test' [ RunTime:0.001179s ]
[ 2017-12-21T22:04:13+08:00 ][ sql ] [ SQL ] SELECT * FROM `information_schema`.`columns` WHERE TABLE_SCHEMA = 'fastadmin' AND table_name = 'fa_test' ORDER BY ORDINAL_POSITION [ RunTime:0.033864s ]
[ 2017-12-21T22:06:17+08:00 ][ info ] [ BEHAVIOR ] Run Closure @app_init [ RunTime:0.000282s ]
[ info ] [ LOG ] INIT File
[ 2017-12-21T22:06:17+08:00 ][ info ] [ CACHE ] INIT File
[ 2017-12-21T22:06:17+08:00 ][ info ] [ BEHAVIOR ] Run Closure @app_init [ RunTime:0.013548s ]
[ 2017-12-21T22:06:17+08:00 ][ info ] [ DB ] INIT mysql
[ 2017-12-21T22:06:17+08:00 ][ info ] [ LANG ] D:\phpStudy\PHPTutorial\WWW\fastadmin\application\admin\lang/zh-cn.php
[ 2017-12-21T22:06:18+08:00 ][ sql ] [ DB ] CONNECT:[ UseTime:1.016067s ] mysql:host=localhost;dbname=fastadmin;charset=utf8
[ 2017-12-21T22:06:18+08:00 ][ sql ] [ SQL ] SHOW COLUMNS FROM `fa_auth_rule` [ RunTime:0.050097s ]
[ 2017-12-21T22:06:18+08:00 ][ sql ] [ SQL ] SELECT * FROM `fa_auth_rule` WHERE  `name` = 'good' LIMIT 1 [ RunTime:0.002472s ]
[ 2017-12-21T22:06:18+08:00 ][ sql ] [ SQL ] INSERT INTO `fa_auth_rule` (`pid` , `name` , `title` , `icon` , `remark` , `ismenu` , `status` , `createtime` , `updatetime`) VALUES (0 , 'good' , 'good' , 'fa fa-list' , '' , 1 , 'normal' , 1513865178 , 1513865178) [ RunTime:0.003599s ]
[ 2017-12-21T22:06:18+08:00 ][ sql ] [ SQL ] SELECT * FROM `fa_auth_rule` WHERE  `name` = 'good/test' LIMIT 1 [ RunTime:0.000699s ]
[ 2017-12-21T22:06:18+08:00 ][ sql ] [ SQL ] INSERT INTO `fa_auth_rule` (`pid` , `name` , `title` , `icon` , `remark` , `ismenu` , `status` , `createtime` , `updatetime`) VALUES (67 , 'good/test' , '测试管理' , 'fa fa-circle-o' , '' , 1 , 'normal' , 1513865178 , 1513865178) [ RunTime:0.002539s ]
[ 2017-12-21T22:06:18+08:00 ][ sql ] [ SQL ] SELECT `id` FROM `fa_auth_rule` WHERE  `name` = 'good/test/index' LIMIT 1 [ RunTime:0.000506s ]
[ 2017-12-21T22:06:18+08:00 ][ sql ] [ SQL ] SELECT `id` FROM `fa_auth_rule` WHERE  `name` = 'good/test/recyclebin' LIMIT 1 [ RunTime:0.000548s ]
[ 2017-12-21T22:06:18+08:00 ][ sql ] [ SQL ] SELECT `id` FROM `fa_auth_rule` WHERE  `name` = 'good/test/add' LIMIT 1 [ RunTime:0.000488s ]
[ 2017-12-21T22:06:18+08:00 ][ sql ] [ SQL ] SELECT `id` FROM `fa_auth_rule` WHERE  `name` = 'good/test/edit' LIMIT 1 [ RunTime:0.000587s ]
[ 2017-12-21T22:06:18+08:00 ][ sql ] [ SQL ] SELECT `id` FROM `fa_auth_rule` WHERE  `name` = 'good/test/del' LIMIT 1 [ RunTime:0.000461s ]
[ 2017-12-21T22:06:18+08:00 ][ sql ] [ SQL ] SELECT `id` FROM `fa_auth_rule` WHERE  `name` = 'good/test/destroy' LIMIT 1 [ RunTime:0.000465s ]
[ 2017-12-21T22:06:18+08:00 ][ sql ] [ SQL ] SELECT `id` FROM `fa_auth_rule` WHERE  `name` = 'good/test/restore' LIMIT 1 [ RunTime:0.000472s ]
[ 2017-12-21T22:06:18+08:00 ][ sql ] [ SQL ] SELECT `id` FROM `fa_auth_rule` WHERE  `name` = 'good/test/multi' LIMIT 1 [ RunTime:0.000455s ]
[ 2017-12-21T22:06:18+08:00 ][ sql ] [ SQL ] INSERT INTO `fa_auth_rule` (`id` , `pid` , `name` , `icon` , `title` , `ismenu` , `status` , `createtime` , `updatetime`) VALUES (NULL , 68 , 'good/test/index' , 'fa fa-circle-o' , '查看' , 0 , 'normal' , 1513865178 , 1513865178) [ RunTime:0.000887s ]
[ 2017-12-21T22:06:19+08:00 ][ sql ] [ SQL ] INSERT INTO `fa_auth_rule` (`id` , `pid` , `name` , `icon` , `title` , `ismenu` , `status` , `createtime` , `updatetime`) VALUES (NULL , 68 , 'good/test/recyclebin' , 'fa fa-circle-o' , '回收站' , 0 , 'normal' , 1513865179 , 1513865179) [ RunTime:0.000352s ]
[ 2017-12-21T22:06:19+08:00 ][ sql ] [ SQL ] INSERT INTO `fa_auth_rule` (`id` , `pid` , `name` , `icon` , `title` , `ismenu` , `status` , `createtime` , `updatetime`) VALUES (NULL , 68 , 'good/test/add' , 'fa fa-circle-o' , '添加' , 0 , 'normal' , 1513865179 , 1513865179) [ RunTime:0.000381s ]
[ 2017-12-21T22:06:19+08:00 ][ sql ] [ SQL ] INSERT INTO `fa_auth_rule` (`id` , `pid` , `name` , `icon` , `title` , `ismenu` , `status` , `createtime` , `updatetime`) VALUES (NULL , 68 , 'good/test/edit' , 'fa fa-circle-o' , '编辑' , 0 , 'normal' , 1513865179 , 1513865179) [ RunTime:0.000367s ]
[ 2017-12-21T22:06:19+08:00 ][ sql ] [ SQL ] INSERT INTO `fa_auth_rule` (`id` , `pid` , `name` , `icon` , `title` , `ismenu` , `status` , `createtime` , `updatetime`) VALUES (NULL , 68 , 'good/test/del' , 'fa fa-circle-o' , '删除' , 0 , 'normal' , 1513865179 , 1513865179) [ RunTime:0.000379s ]
[ 2017-12-21T22:06:19+08:00 ][ sql ] [ SQL ] INSERT INTO `fa_auth_rule` (`id` , `pid` , `name` , `icon` , `title` , `ismenu` , `status` , `createtime` , `updatetime`) VALUES (NULL , 68 , 'good/test/destroy' , 'fa fa-circle-o' , '真实删除' , 0 , 'normal' , 1513865179 , 1513865179) [ RunTime:0.000319s ]
[ 2017-12-21T22:06:19+08:00 ][ sql ] [ SQL ] INSERT INTO `fa_auth_rule` (`id` , `pid` , `name` , `icon` , `title` , `ismenu` , `status` , `createtime` , `updatetime`) VALUES (NULL , 68 , 'good/test/restore' , 'fa fa-circle-o' , '还原' , 0 , 'normal' , 1513865179 , 1513865179) [ RunTime:0.000345s ]
[ 2017-12-21T22:06:19+08:00 ][ sql ] [ SQL ] INSERT INTO `fa_auth_rule` (`id` , `pid` , `name` , `icon` , `title` , `ismenu` , `status` , `createtime` , `updatetime`) VALUES (NULL , 68 , 'good/test/multi' , 'fa fa-circle-o' , '批量更新' , 0 , 'normal' , 1513865179 , 1513865179) [ RunTime:0.000415s ]
[ 2017-12-21T22:31:21+08:00 ][ info ] [ BEHAVIOR ] Run Closure @app_init [ RunTime:0.000286s ]
[ info ] [ LOG ] INIT File
[ 2017-12-21T22:31:21+08:00 ][ info ] [ CACHE ] INIT File
[ 2017-12-21T22:31:21+08:00 ][ info ] [ BEHAVIOR ] Run Closure @app_init [ RunTime:0.021664s ]
[ 2017-12-21T22:31:22+08:00 ][ info ] [ DB ] INIT mysql
[ 2017-12-21T22:31:23+08:00 ][ sql ] [ DB ] CONNECT:[ UseTime:1.018506s ] mysql:host=localhost;dbname=fastadmin;charset=utf8
[ 2017-12-21T22:31:23+08:00 ][ sql ] [ SQL ] SHOW TABLE STATUS LIKE 'test' [ RunTime:0.002078s ]
[ 2017-12-21T22:31:23+08:00 ][ sql ] [ SQL ] SHOW TABLE STATUS LIKE 'fa_test' [ RunTime:0.001735s ]
[ 2017-12-21T22:31:23+08:00 ][ sql ] [ SQL ] SELECT * FROM `information_schema`.`columns` WHERE TABLE_SCHEMA = 'fastadmin' AND table_name = 'fa_test' ORDER BY ORDINAL_POSITION [ RunTime:0.037505s ]
[ 2017-12-21T22:32:10+08:00 ][ info ] [ BEHAVIOR ] Run Closure @app_init [ RunTime:0.000282s ]
[ info ] [ LOG ] INIT File
[ 2017-12-21T22:32:10+08:00 ][ info ] [ CACHE ] INIT File
[ 2017-12-21T22:32:10+08:00 ][ info ] [ BEHAVIOR ] Run Closure @app_init [ RunTime:0.015405s ]
[ 2017-12-21T22:32:10+08:00 ][ info ] [ DB ] INIT mysql
[ 2017-12-21T22:32:10+08:00 ][ info ] [ LANG ] D:\phpStudy\PHPTutorial\WWW\fastadmin\application\admin\lang/zh-cn.php
[ 2017-12-21T22:32:11+08:00 ][ sql ] [ DB ] CONNECT:[ UseTime:1.018348s ] mysql:host=localhost;dbname=fastadmin;charset=utf8
[ 2017-12-21T22:32:11+08:00 ][ sql ] [ SQL ] SHOW COLUMNS FROM `fa_auth_rule` [ RunTime:0.041833s ]
[ 2017-12-21T22:32:11+08:00 ][ sql ] [ SQL ] SELECT * FROM `fa_auth_rule` WHERE  `name` = 'goods' LIMIT 1 [ RunTime:0.000767s ]
[ 2017-12-21T22:32:11+08:00 ][ sql ] [ SQL ] INSERT INTO `fa_auth_rule` (`pid` , `name` , `title` , `icon` , `remark` , `ismenu` , `status` , `createtime` , `updatetime`) VALUES (0 , 'goods' , 'goods' , 'fa fa-list' , '' , 1 , 'normal' , 1513866731 , 1513866731) [ RunTime:0.002313s ]
[ 2017-12-21T22:32:12+08:00 ][ sql ] [ SQL ] SELECT * FROM `fa_auth_rule` WHERE  `name` = 'goods/goods' LIMIT 1 [ RunTime:0.000724s ]
[ 2017-12-21T22:32:12+08:00 ][ sql ] [ SQL ] SELECT `id` FROM `fa_auth_rule` WHERE  `name` = 'goods/goods/index' LIMIT 1 [ RunTime:0.000454s ]
[ 2017-12-21T22:32:12+08:00 ][ sql ] [ SQL ] SELECT `id` FROM `fa_auth_rule` WHERE  `name` = 'goods/goods/recyclebin' LIMIT 1 [ RunTime:0.000464s ]
[ 2017-12-21T22:32:12+08:00 ][ sql ] [ SQL ] SELECT `id` FROM `fa_auth_rule` WHERE  `name` = 'goods/goods/add' LIMIT 1 [ RunTime:0.000428s ]
[ 2017-12-21T22:32:12+08:00 ][ sql ] [ SQL ] SELECT `id` FROM `fa_auth_rule` WHERE  `name` = 'goods/goods/edit' LIMIT 1 [ RunTime:0.000504s ]
[ 2017-12-21T22:32:12+08:00 ][ sql ] [ SQL ] SELECT `id` FROM `fa_auth_rule` WHERE  `name` = 'goods/goods/del' LIMIT 1 [ RunTime:0.000386s ]
[ 2017-12-21T22:32:12+08:00 ][ sql ] [ SQL ] SELECT `id` FROM `fa_auth_rule` WHERE  `name` = 'goods/goods/destroy' LIMIT 1 [ RunTime:0.000516s ]
[ 2017-12-21T22:32:12+08:00 ][ sql ] [ SQL ] SELECT `id` FROM `fa_auth_rule` WHERE  `name` = 'goods/goods/restore' LIMIT 1 [ RunTime:0.000500s ]
[ 2017-12-21T22:32:12+08:00 ][ sql ] [ SQL ] SELECT `id` FROM `fa_auth_rule` WHERE  `name` = 'goods/goods/multi' LIMIT 1 [ RunTime:0.000552s ]
[ 2017-12-21T22:32:12+08:00 ][ sql ] [ SQL ] INSERT INTO `fa_auth_rule` (`id` , `pid` , `name` , `icon` , `title` , `ismenu` , `status` , `createtime` , `updatetime`) VALUES (NULL , 66 , 'goods/goods/index' , 'fa fa-circle-o' , '查看' , 0 , 'normal' , 1513866732 , 1513866732) [ RunTime:0.000549s ]
[ 2017-12-21T22:32:12+08:00 ][ sql ] [ SQL ] INSERT INTO `fa_auth_rule` (`id` , `pid` , `name` , `icon` , `title` , `ismenu` , `status` , `createtime` , `updatetime`) VALUES (NULL , 66 , 'goods/goods/recyclebin' , 'fa fa-circle-o' , '回收站' , 0 , 'normal' , 1513866732 , 1513866732) [ RunTime:0.000347s ]
[ 2017-12-21T22:32:12+08:00 ][ sql ] [ SQL ] INSERT INTO `fa_auth_rule` (`id` , `pid` , `name` , `icon` , `title` , `ismenu` , `status` , `createtime` , `updatetime`) VALUES (NULL , 66 , 'goods/goods/add' , 'fa fa-circle-o' , '添加' , 0 , 'normal' , 1513866732 , 1513866732) [ RunTime:0.000416s ]
[ 2017-12-21T22:32:12+08:00 ][ sql ] [ SQL ] INSERT INTO `fa_auth_rule` (`id` , `pid` , `name` , `icon` , `title` , `ismenu` , `status` , `createtime` , `updatetime`) VALUES (NULL , 66 , 'goods/goods/edit' , 'fa fa-circle-o' , '编辑' , 0 , 'normal' , 1513866732 , 1513866732) [ RunTime:0.000363s ]
[ 2017-12-21T22:32:12+08:00 ][ sql ] [ SQL ] INSERT INTO `fa_auth_rule` (`id` , `pid` , `name` , `icon` , `title` , `ismenu` , `status` , `createtime` , `updatetime`) VALUES (NULL , 66 , 'goods/goods/del' , 'fa fa-circle-o' , '删除' , 0 , 'normal' , 1513866732 , 1513866732) [ RunTime:0.000411s ]
[ 2017-12-21T22:32:12+08:00 ][ sql ] [ SQL ] INSERT INTO `fa_auth_rule` (`id` , `pid` , `name` , `icon` , `title` , `ismenu` , `status` , `createtime` , `updatetime`) VALUES (NULL , 66 , 'goods/goods/destroy' , 'fa fa-circle-o' , '真实删除' , 0 , 'normal' , 1513866732 , 1513866732) [ RunTime:0.000368s ]
[ 2017-12-21T22:32:12+08:00 ][ sql ] [ SQL ] INSERT INTO `fa_auth_rule` (`id` , `pid` , `name` , `icon` , `title` , `ismenu` , `status` , `createtime` , `updatetime`) VALUES (NULL , 66 , 'goods/goods/restore' , 'fa fa-circle-o' , '还原' , 0 , 'normal' , 1513866732 , 1513866732) [ RunTime:0.000375s ]
[ 2017-12-21T22:32:12+08:00 ][ sql ] [ SQL ] INSERT INTO `fa_auth_rule` (`id` , `pid` , `name` , `icon` , `title` , `ismenu` , `status` , `createtime` , `updatetime`) VALUES (NULL , 66 , 'goods/goods/multi' , 'fa fa-circle-o' , '批量更新' , 0 , 'normal' , 1513866732 , 1513866732) [ RunTime:0.000367s ]
[ 2017-12-21T22:34:42+08:00 ][ info ] [ BEHAVIOR ] Run Closure @app_init [ RunTime:0.000280s ]
[ info ] [ LOG ] INIT File
[ 2017-12-21T22:34:42+08:00 ][ info ] [ CACHE ] INIT File
[ 2017-12-21T22:34:42+08:00 ][ info ] [ BEHAVIOR ] Run Closure @app_init [ RunTime:0.013255s ]
[ 2017-12-21T22:35:06+08:00 ][ info ] [ BEHAVIOR ] Run Closure @app_init [ RunTime:0.000248s ]
[ info ] [ LOG ] INIT File
[ 2017-12-21T22:35:06+08:00 ][ info ] [ CACHE ] INIT File
[ 2017-12-21T22:35:06+08:00 ][ info ] [ BEHAVIOR ] Run Closure @app_init [ RunTime:0.011214s ]
[ 2017-12-21T22:41:32+08:00 ][ info ] [ BEHAVIOR ] Run Closure @app_init [ RunTime:0.000283s ]
[ info ] [ LOG ] INIT File
[ 2017-12-21T22:41:32+08:00 ][ info ] [ CACHE ] INIT File
[ 2017-12-21T22:41:32+08:00 ][ info ] [ BEHAVIOR ] Run Closure @app_init [ RunTime:0.015318s ]
[ 2017-12-21T22:45:07+08:00 ][ info ] [ BEHAVIOR ] Run Closure @app_init [ RunTime:0.000282s ]
[ info ] [ LOG ] INIT File
[ 2017-12-21T22:45:07+08:00 ][ info ] [ CACHE ] INIT File
[ 2017-12-21T22:45:07+08:00 ][ info ] [ BEHAVIOR ] Run Closure @app_init [ RunTime:0.016134s ]
[ 2017-12-21T22:45:07+08:00 ][ info ] [ DB ] INIT mysql
[ 2017-12-21T22:45:07+08:00 ][ info ] [ LANG ] D:\phpStudy\PHPTutorial\WWW\fastadmin\application\admin\lang/zh-cn.php
[ 2017-12-21T22:45:08+08:00 ][ sql ] [ DB ] CONNECT:[ UseTime:1.022244s ] mysql:host=localhost;dbname=fastadmin;charset=utf8
[ 2017-12-21T22:45:08+08:00 ][ sql ] [ SQL ] SHOW COLUMNS FROM `fa_auth_rule` [ RunTime:0.051574s ]
[ 2017-12-21T22:45:08+08:00 ][ sql ] [ SQL ] SELECT * FROM `fa_auth_rule` WHERE  `name` = 'goods' LIMIT 1 [ RunTime:0.000820s ]
[ 2017-12-21T22:45:08+08:00 ][ sql ] [ SQL ] INSERT INTO `fa_auth_rule` (`pid` , `name` , `title` , `icon` , `remark` , `ismenu` , `status` , `createtime` , `updatetime`) VALUES (0 , 'goods' , 'goods' , 'fa fa-list' , '' , 1 , 'normal' , 1513867508 , 1513867508) [ RunTime:0.003161s ]
[ 2017-12-21T22:45:08+08:00 ][ sql ] [ SQL ] SELECT * FROM `fa_auth_rule` WHERE  `name` = 'goods/goods' LIMIT 1 [ RunTime:0.000653s ]
[ 2017-12-21T22:45:08+08:00 ][ sql ] [ SQL ] INSERT INTO `fa_auth_rule` (`pid` , `name` , `title` , `icon` , `remark` , `ismenu` , `status` , `createtime` , `updatetime`) VALUES (86 , 'goods/goods' , '测试管理' , 'fa fa-circle-o' , '' , 1 , 'normal' , 1513867508 , 1513867508) [ RunTime:0.002707s ]
[ 2017-12-21T22:45:08+08:00 ][ sql ] [ SQL ] SELECT `id` FROM `fa_auth_rule` WHERE  `name` = 'goods/goods/index' LIMIT 1 [ RunTime:0.000472s ]
[ 2017-12-21T22:45:08+08:00 ][ sql ] [ SQL ] SELECT `id` FROM `fa_auth_rule` WHERE  `name` = 'goods/goods/recyclebin' LIMIT 1 [ RunTime:0.000535s ]
[ 2017-12-21T22:45:08+08:00 ][ sql ] [ SQL ] SELECT `id` FROM `fa_auth_rule` WHERE  `name` = 'goods/goods/add' LIMIT 1 [ RunTime:0.000419s ]
[ 2017-12-21T22:45:08+08:00 ][ sql ] [ SQL ] SELECT `id` FROM `fa_auth_rule` WHERE  `name` = 'goods/goods/edit' LIMIT 1 [ RunTime:0.000552s ]
[ 2017-12-21T22:45:08+08:00 ][ sql ] [ SQL ] SELECT `id` FROM `fa_auth_rule` WHERE  `name` = 'goods/goods/del' LIMIT 1 [ RunTime:0.000513s ]
[ 2017-12-21T22:45:08+08:00 ][ sql ] [ SQL ] SELECT `id` FROM `fa_auth_rule` WHERE  `name` = 'goods/goods/destroy' LIMIT 1 [ RunTime:0.000474s ]
[ 2017-12-21T22:45:08+08:00 ][ sql ] [ SQL ] SELECT `id` FROM `fa_auth_rule` WHERE  `name` = 'goods/goods/restore' LIMIT 1 [ RunTime:0.000522s ]
[ 2017-12-21T22:45:08+08:00 ][ sql ] [ SQL ] SELECT `id` FROM `fa_auth_rule` WHERE  `name` = 'goods/goods/multi' LIMIT 1 [ RunTime:0.000387s ]
[ 2017-12-21T22:45:08+08:00 ][ sql ] [ SQL ] INSERT INTO `fa_auth_rule` (`id` , `pid` , `name` , `icon` , `title` , `ismenu` , `status` , `createtime` , `updatetime`) VALUES (NULL , 87 , 'goods/goods/index' , 'fa fa-circle-o' , '查看' , 0 , 'normal' , 1513867508 , 1513867508) [ RunTime:0.000591s ]
[ 2017-12-21T22:45:08+08:00 ][ sql ] [ SQL ] INSERT INTO `fa_auth_rule` (`id` , `pid` , `name` , `icon` , `title` , `ismenu` , `status` , `createtime` , `updatetime`) VALUES (NULL , 87 , 'goods/goods/recyclebin' , 'fa fa-circle-o' , '回收站' , 0 , 'normal' , 1513867508 , 1513867508) [ RunTime:0.000403s ]
[ 2017-12-21T22:45:08+08:00 ][ sql ] [ SQL ] INSERT INTO `fa_auth_rule` (`id` , `pid` , `name` , `icon` , `title` , `ismenu` , `status` , `createtime` , `updatetime`) VALUES (NULL , 87 , 'goods/goods/add' , 'fa fa-circle-o' , '添加' , 0 , 'normal' , 1513867508 , 1513867508) [ RunTime:0.000350s ]
[ 2017-12-21T22:45:08+08:00 ][ sql ] [ SQL ] INSERT INTO `fa_auth_rule` (`id` , `pid` , `name` , `icon` , `title` , `ismenu` , `status` , `createtime` , `updatetime`) VALUES (NULL , 87 , 'goods/goods/edit' , 'fa fa-circle-o' , '编辑' , 0 , 'normal' , 1513867508 , 1513867508) [ RunTime:0.000316s ]
[ 2017-12-21T22:45:08+08:00 ][ sql ] [ SQL ] INSERT INTO `fa_auth_rule` (`id` , `pid` , `name` , `icon` , `title` , `ismenu` , `status` , `createtime` , `updatetime`) VALUES (NULL , 87 , 'goods/goods/del' , 'fa fa-circle-o' , '删除' , 0 , 'normal' , 1513867508 , 1513867508) [ RunTime:0.000344s ]
[ 2017-12-21T22:45:08+08:00 ][ sql ] [ SQL ] INSERT INTO `fa_auth_rule` (`id` , `pid` , `name` , `icon` , `title` , `ismenu` , `status` , `createtime` , `updatetime`) VALUES (NULL , 87 , 'goods/goods/destroy' , 'fa fa-circle-o' , '真实删除' , 0 , 'normal' , 1513867508 , 1513867508) [ RunTime:0.000331s ]
[ 2017-12-21T22:45:08+08:00 ][ sql ] [ SQL ] INSERT INTO `fa_auth_rule` (`id` , `pid` , `name` , `icon` , `title` , `ismenu` , `status` , `createtime` , `updatetime`) VALUES (NULL , 87 , 'goods/goods/restore' , 'fa fa-circle-o' , '还原' , 0 , 'normal' , 1513867508 , 1513867508) [ RunTime:0.000391s ]
[ 2017-12-21T22:45:08+08:00 ][ sql ] [ SQL ] INSERT INTO `fa_auth_rule` (`id` , `pid` , `name` , `icon` , `title` , `ismenu` , `status` , `createtime` , `updatetime`) VALUES (NULL , 87 , 'goods/goods/multi' , 'fa fa-circle-o' , '批量更新' , 0 , 'normal' , 1513867508 , 1513867508) [ RunTime:0.000493s ]
